This file contains any messages produced by compilers while
running configure, to aid debugging if configure makes a mistake.

It was created by configure, which was
generated by GNU Autoconf 2.69.  Invocation command line was

  $ ./configure --disable-option-checking --prefix=/usr/local --cache-file=/dev/null --srcdir=.

## --------- ##
## Platform. ##
## --------- ##

hostname = crunchbang
uname -m = x86_64
uname -r = 3.2.0-4-amd64
uname -s = Linux
uname -v = #1 SMP Debian 3.2.60-1+deb7u3

/usr/bin/uname -p = unknown
/bin/uname -X     = unknown

/bin/arch              = unknown
/usr/bin/arch -k       = unknown
/usr/convex/getsysinfo = unknown
/usr/bin/hostinfo      = unknown
/bin/machine           = unknown
/usr/bin/oslevel       = unknown
/bin/universe          = unknown

PATH: /home/auresearch/bin
PATH: /usr/sbin
PATH: /sbin
PATH: /usr/local/bin
PATH: /usr/bin
PATH: /bin
PATH: /usr/local/games
PATH: /usr/games
PATH: /home/auresearch/git/adt-bundle/sdk/platform-tools
PATH: /home/auresearch/git/adt-bundle/sdk/tools


## ----------- ##
## Core tests. ##
## ----------- ##

configure:2155: checking build system type
configure:2169: result: x86_64-unknown-linux-gnu
configure:2189: checking host system type
configure:2202: result: x86_64-unknown-linux-gnu
configure:2389: checking for gcc
configure:2405: found /usr/bin/gcc
configure:2416: result: gcc
configure:2645: checking for C compiler version
configure:2654: gcc --version >&5
gcc (Debian 4.7.2-5) 4.7.2
Copyright (C) 2012 Free Software Foundation, Inc.
This is free software; see the source for copying conditions.  There is NO
warranty; not even for MERCHANTABILITY or FITNESS FOR A PARTICULAR PURPOSE.

configure:2665: $? = 0
configure:2654: gcc -v >&5
Using built-in specs.
COLLECT_GCC=gcc
COLLECT_LTO_WRAPPER=/usr/lib/gcc/x86_64-linux-gnu/4.7/lto-wrapper
Target: x86_64-linux-gnu
Configured with: ../src/configure -v --with-pkgversion='Debian 4.7.2-5' --with-bugurl=file:///usr/share/doc/gcc-4.7/README.Bugs --enable-languages=c,c++,go,fortran,objc,obj-c++ --prefix=/usr --program-suffix=-4.7 --enable-shared --enable-linker-build-id --with-system-zlib --libexecdir=/usr/lib --without-included-gettext --enable-threads=posix --with-gxx-include-dir=/usr/include/c++/4.7 --libdir=/usr/lib --enable-nls --with-sysroot=/ --enable-clocale=gnu --enable-libstdcxx-debug --enable-libstdcxx-time=yes --enable-gnu-unique-object --enable-plugin --enable-objc-gc --with-arch-32=i586 --with-tune=generic --enable-checking=release --build=x86_64-linux-gnu --host=x86_64-linux-gnu --target=x86_64-linux-gnu
Thread model: posix
gcc version 4.7.2 (Debian 4.7.2-5) 
configure:2665: $? = 0
configure:2654: gcc -V >&5
gcc: error: unrecognized command line option '-V'
gcc: fatal error: no input files
compilation terminated.
configure:2665: $? = 4
configure:2654: gcc -qversion >&5
gcc: error: unrecognized command line option '-qversion'
gcc: fatal error: no input files
compilation terminated.
configure:2665: $? = 4
configure:2685: checking whether the C compiler works
configure:2707: gcc    conftest.c  >&5
configure:2711: $? = 0
configure:2759: result: yes
configure:2762: checking for C compiler default output file name
configure:2764: result: a.out
configure:2770: checking for suffix of executables
configure:2777: gcc -o conftest    conftest.c  >&5
configure:2781: $? = 0
configure:2803: result: 
configure:2825: checking whether we are cross compiling
configure:2833: gcc -o conftest    conftest.c  >&5
configure:2837: $? = 0
configure:2844: ./conftest
configure:2848: $? = 0
configure:2863: result: no
configure:2868: checking for suffix of object files
configure:2890: gcc -c   conftest.c >&5
configure:2894: $? = 0
configure:2915: result: o
configure:2919: checking whether we are using the GNU C compiler
configure:2938: gcc -c   conftest.c >&5
configure:2938: $? = 0
configure:2947: result: yes
configure:2956: checking whether gcc accepts -g
configure:2976: gcc -c -g  conftest.c >&5
configure:2976: $? = 0
configure:3017: result: yes
configure:3034: checking for gcc option to accept ISO C89
configure:3097: gcc  -c -g -O2  conftest.c >&5
configure:3097: $? = 0
configure:3110: result: none needed
configure:3136: checking how to run the C preprocessor
configure:3167: gcc -E  conftest.c
configure:3167: $? = 0
configure:3181: gcc -E  conftest.c
conftest.c:10:28: fatal error: ac_nonexistent.h: No such file or directory
compilation terminated.
configure:3181: $? = 1
configure: failed program was:
| /* confdefs.h */
| #define PACKAGE_NAME ""
| #define PACKAGE_TARNAME ""
| #define PACKAGE_VERSION ""
| #define PACKAGE_STRING ""
| #define PACKAGE_BUGREPORT ""
| #define PACKAGE_URL ""
| #define LINUX 1
| /* end confdefs.h.  */
| #include <ac_nonexistent.h>
configure:3206: result: gcc -E
configure:3226: gcc -E  conftest.c
configure:3226: $? = 0
configure:3240: gcc -E  conftest.c
conftest.c:10:28: fatal error: ac_nonexistent.h: No such file or directory
compilation terminated.
configure:3240: $? = 1
configure: failed program was:
| /* confdefs.h */
| #define PACKAGE_NAME ""
| #define PACKAGE_TARNAME ""
| #define PACKAGE_VERSION ""
| #define PACKAGE_STRING ""
| #define PACKAGE_BUGREPORT ""
| #define PACKAGE_URL ""
| #define LINUX 1
| /* end confdefs.h.  */
| #include <ac_nonexistent.h>
configure:3269: checking for grep that handles long lines and -e
configure:3327: result: /bin/grep
configure:3332: checking for egrep
configure:3394: result: /bin/grep -E
configure:3399: checking for ANSI C header files
configure:3419: gcc -c -g -O2  conftest.c >&5
configure:3419: $? = 0
configure:3492: gcc -o conftest -g -O2   conftest.c  >&5
configure:3492: $? = 0
configure:3492: ./conftest
configure:3492: $? = 0
configure:3503: result: yes
configure:3516: checking for sys/types.h
configure:3516: gcc -c -g -O2  conftest.c >&5
configure:3516: $? = 0
configure:3516: result: yes
configure:3516: checking for sys/stat.h
configure:3516: gcc -c -g -O2  conftest.c >&5
configure:3516: $? = 0
configure:3516: result: yes
configure:3516: checking for stdlib.h
configure:3516: gcc -c -g -O2  conftest.c >&5
configure:3516: $? = 0
configure:3516: result: yes
configure:3516: checking for string.h
configure:3516: gcc -c -g -O2  conftest.c >&5
configure:3516: $? = 0
configure:3516: result: yes
configure:3516: checking for memory.h
configure:3516: gcc -c -g -O2  conftest.c >&5
configure:3516: $? = 0
configure:3516: result: yes
configure:3516: checking for strings.h
configure:3516: gcc -c -g -O2  conftest.c >&5
configure:3516: $? = 0
configure:3516: result: yes
configure:3516: checking for inttypes.h
configure:3516: gcc -c -g -O2  conftest.c >&5
configure:3516: $? = 0
configure:3516: result: yes
configure:3516: checking for stdint.h
configure:3516: gcc -c -g -O2  conftest.c >&5
configure:3516: $? = 0
configure:3516: result: yes
configure:3516: checking for unistd.h
configure:3516: gcc -c -g -O2  conftest.c >&5
configure:3516: $? = 0
configure:3516: result: yes
configure:3533: checking pcap.h usability
configure:3533: gcc -c -g -O2  conftest.c >&5
conftest.c:53:18: fatal error: pcap.h: No such file or directory
compilation terminated.
configure:3533: $? = 1
configure: failed program was:
| /* confdefs.h */
| #define PACKAGE_NAME ""
| #define PACKAGE_TARNAME ""
| #define PACKAGE_VERSION ""
| #define PACKAGE_STRING ""
| #define PACKAGE_BUGREPORT ""
| #define PACKAGE_URL ""
| #define LINUX 1
| #define STDC_HEADERS 1
| #define HAVE_SYS_TYPES_H 1
| #define HAVE_SYS_STAT_H 1
| #define HAVE_STDLIB_H 1
| #define HAVE_STRING_H 1
| #define HAVE_MEMORY_H 1
| #define HAVE_STRINGS_H 1
| #define HAVE_INTTYPES_H 1
| #define HAVE_STDINT_H 1
| #define HAVE_UNISTD_H 1
| /* end confdefs.h.  */
| #include <stdio.h>
| #ifdef HAVE_SYS_TYPES_H
| # include <sys/types.h>
| #endif
| #ifdef HAVE_SYS_STAT_H
| # include <sys/stat.h>
| #endif
| #ifdef STDC_HEADERS
| # include <stdlib.h>
| # include <stddef.h>
| #else
| # ifdef HAVE_STDLIB_H
| #  include <stdlib.h>
| # endif
| #endif
| #ifdef HAVE_STRING_H
| # if !defined STDC_HEADERS && defined HAVE_MEMORY_H
| #  include <memory.h>
| # endif
| # include <string.h>
| #endif
| #ifdef HAVE_STRINGS_H
| # include <strings.h>
| #endif
| #ifdef HAVE_INTTYPES_H
| # include <inttypes.h>
| #endif
| #ifdef HAVE_STDINT_H
| # include <stdint.h>
| #endif
| #ifdef HAVE_UNISTD_H
| # include <unistd.h>
| #endif
| #include <pcap.h>
configure:3533: result: no
configure:3533: checking pcap.h presence
configure:3533: gcc -E  conftest.c
conftest.c:20:18: fatal error: pcap.h: No such file or directory
compilation terminated.
configure:3533: $? = 1
configure: failed program was:
| /* confdefs.h */
| #define PACKAGE_NAME ""
| #define PACKAGE_TARNAME ""
| #define PACKAGE_VERSION ""
| #define PACKAGE_STRING ""
| #define PACKAGE_BUGREPORT ""
| #define PACKAGE_URL ""
| #define LINUX 1
| #define STDC_HEADERS 1
| #define HAVE_SYS_TYPES_H 1
| #define HAVE_SYS_STAT_H 1
| #define HAVE_STDLIB_H 1
| #define HAVE_STRING_H 1
| #define HAVE_MEMORY_H 1
| #define HAVE_STRINGS_H 1
| #define HAVE_INTTYPES_H 1
| #define HAVE_STDINT_H 1
| #define HAVE_UNISTD_H 1
| /* end confdefs.h.  */
| #include <pcap.h>
configure:3533: result: no
configure:3533: checking for pcap.h
configure:3533: result: no
configure:3629: checking linux/version.h usability
configure:3629: gcc -c -g -O2 -I/home/auresearch/shane/poodle/nmap-6.47/libpcap  conftest.c >&5
configure:3629: $? = 0
configure:3629: result: yes
configure:3629: checking linux/version.h presence
configure:3629: gcc -E -I/home/auresearch/shane/poodle/nmap-6.47/libpcap  conftest.c
configure:3629: $? = 0
configure:3629: result: yes
configure:3629: checking for linux/version.h
configure:3629: result: yes
configure:3635: checking for Linux epoll(7) interface
configure:3661: gcc -o conftest -g -O2 -I/home/auresearch/shane/poodle/nmap-6.47/libpcap  -DHAVE_LINUX_VERSION_H -L/home/auresearch/shane/poodle/nmap-6.47/libpcap  conftest.c  >&5
configure:3661: $? = 0
configure:3672: result: yes
configure:3682: checking for poll(2)
configure:3698: gcc -o conftest -g -O2 -I/home/auresearch/shane/poodle/nmap-6.47/libpcap  -L/home/auresearch/shane/poodle/nmap-6.47/libpcap  conftest.c  >&5
configure:3698: $? = 0
configure:3708: result: yes
configure:3721: checking for kqueue
configure:3721: gcc -o conftest -g -O2 -I/home/auresearch/shane/poodle/nmap-6.47/libpcap  -L/home/auresearch/shane/poodle/nmap-6.47/libpcap  conftest.c  >&5
/tmp/ccXKpOo0.o: In function `main':
/home/auresearch/shane/poodle/nmap-6.47/nsock/src/conftest.c:57: undefined reference to `kqueue'
collect2: error: ld returned 1 exit status
configure:3721: $? = 1
configure: failed program was:
| /* confdefs.h */
| #define PACKAGE_NAME ""
| #define PACKAGE_TARNAME ""
| #define PACKAGE_VERSION ""
| #define PACKAGE_STRING ""
| #define PACKAGE_BUGREPORT ""
| #define PACKAGE_URL ""
| #define LINUX 1
| #define STDC_HEADERS 1
| #define HAVE_SYS_TYPES_H 1
| #define HAVE_SYS_STAT_H 1
| #define HAVE_STDLIB_H 1
| #define HAVE_STRING_H 1
| #define HAVE_MEMORY_H 1
| #define HAVE_STRINGS_H 1
| #define HAVE_INTTYPES_H 1
| #define HAVE_STDINT_H 1
| #define HAVE_UNISTD_H 1
| #define HAVE_PCAP 1
| #define HAVE_EPOLL 1
| #define HAVE_POLL 1
| /* end confdefs.h.  */
| /* Define kqueue to an innocuous variant, in case <limits.h> declares kqueue.
|    For example, HP-UX 11i <limits.h> declares gettimeofday.  */
| #define kqueue innocuous_kqueue
| 
| /* System header to define __stub macros and hopefully few prototypes,
|     which can conflict with char kqueue (); below.
|     Prefer <limits.h> to <assert.h> if __STDC__ is defined, since
|     <limits.h> exists even on freestanding compilers.  */
| 
| #ifdef __STDC__
| # include <limits.h>
| #else
| # include <assert.h>
| #endif
| 
| #undef kqueue
| 
| /* Override any GCC internal prototype to avoid an error.
|    Use char because int might match the return type of a GCC
|    builtin and then its argument prototype would still apply.  */
| #ifdef __cplusplus
| extern "C"
| #endif
| char kqueue ();
| /* The GNU C library defines this for functions which it implements
|     to always fail with ENOSYS.  Some functions are actually named
|     something starting with __ and the normal name is an alias.  */
| #if defined __stub_kqueue || defined __stub___kqueue
| choke me
| #endif
| 
| int
| main ()
| {
| return kqueue ();
|   ;
|   return 0;
| }
configure:3721: result: no
configure:3721: checking for kevent
configure:3721: gcc -o conftest -g -O2 -I/home/auresearch/shane/poodle/nmap-6.47/libpcap  -L/home/auresearch/shane/poodle/nmap-6.47/libpcap  conftest.c  >&5
/tmp/cciTt8N2.o: In function `main':
/home/auresearch/shane/poodle/nmap-6.47/nsock/src/conftest.c:57: undefined reference to `kevent'
collect2: error: ld returned 1 exit status
configure:3721: $? = 1
configure: failed program was:
| /* confdefs.h */
| #define PACKAGE_NAME ""
| #define PACKAGE_TARNAME ""
| #define PACKAGE_VERSION ""
| #define PACKAGE_STRING ""
| #define PACKAGE_BUGREPORT ""
| #define PACKAGE_URL ""
| #define LINUX 1
| #define STDC_HEADERS 1
| #define HAVE_SYS_TYPES_H 1
| #define HAVE_SYS_STAT_H 1
| #define HAVE_STDLIB_H 1
| #define HAVE_STRING_H 1
| #define HAVE_MEMORY_H 1
| #define HAVE_STRINGS_H 1
| #define HAVE_INTTYPES_H 1
| #define HAVE_STDINT_H 1
| #define HAVE_UNISTD_H 1
| #define HAVE_PCAP 1
| #define HAVE_EPOLL 1
| #define HAVE_POLL 1
| /* end confdefs.h.  */
| /* Define kevent to an innocuous variant, in case <limits.h> declares kevent.
|    For example, HP-UX 11i <limits.h> declares gettimeofday.  */
| #define kevent innocuous_kevent
| 
| /* System header to define __stub macros and hopefully few prototypes,
|     which can conflict with char kevent (); below.
|     Prefer <limits.h> to <assert.h> if __STDC__ is defined, since
|     <limits.h> exists even on freestanding compilers.  */
| 
| #ifdef __STDC__
| # include <limits.h>
| #else
| # include <assert.h>
| #endif
| 
| #undef kevent
| 
| /* Override any GCC internal prototype to avoid an error.
|    Use char because int might match the return type of a GCC
|    builtin and then its argument prototype would still apply.  */
| #ifdef __cplusplus
| extern "C"
| #endif
| char kevent ();
| /* The GNU C library defines this for functions which it implements
|     to always fail with ENOSYS.  Some functions are actually named
|     something starting with __ and the normal name is an alias.  */
| #if defined __stub_kevent || defined __stub___kevent
| choke me
| #endif
| 
| int
| main ()
| {
| return kevent ();
|   ;
|   return 0;
| }
configure:3721: result: no
configure:3780: checking for gcc
configure:3807: result: gcc
configure:4036: checking for C compiler version
configure:4045: gcc --version >&5
gcc (Debian 4.7.2-5) 4.7.2
Copyright (C) 2012 Free Software Foundation, Inc.
This is free software; see the source for copying conditions.  There is NO
warranty; not even for MERCHANTABILITY or FITNESS FOR A PARTICULAR PURPOSE.

configure:4056: $? = 0
configure:4045: gcc -v >&5
Using built-in specs.
COLLECT_GCC=gcc
COLLECT_LTO_WRAPPER=/usr/lib/gcc/x86_64-linux-gnu/4.7/lto-wrapper
Target: x86_64-linux-gnu
Configured with: ../src/configure -v --with-pkgversion='Debian 4.7.2-5' --with-bugurl=file:///usr/share/doc/gcc-4.7/README.Bugs --enable-languages=c,c++,go,fortran,objc,obj-c++ --prefix=/usr --program-suffix=-4.7 --enable-shared --enable-linker-build-id --with-system-zlib --libexecdir=/usr/lib --without-included-gettext --enable-threads=posix --with-gxx-include-dir=/usr/include/c++/4.7 --libdir=/usr/lib --enable-nls --with-sysroot=/ --enable-clocale=gnu --enable-libstdcxx-debug --enable-libstdcxx-time=yes --enable-gnu-unique-object --enable-plugin --enable-objc-gc --with-arch-32=i586 --with-tune=generic --enable-checking=release --build=x86_64-linux-gnu --host=x86_64-linux-gnu --target=x86_64-linux-gnu
Thread model: posix
gcc version 4.7.2 (Debian 4.7.2-5) 
configure:4056: $? = 0
configure:4045: gcc -V >&5
gcc: error: unrecognized command line option '-V'
gcc: fatal error: no input files
compilation terminated.
configure:4056: $? = 4
configure:4045: gcc -qversion >&5
gcc: error: unrecognized command line option '-qversion'
gcc: fatal error: no input files
compilation terminated.
configure:4056: $? = 4
configure:4060: checking whether we are using the GNU C compiler
configure:4088: result: yes
configure:4097: checking whether gcc accepts -g
configure:4158: result: yes
configure:4175: checking for gcc option to accept ISO C89
configure:4251: result: none needed
configure:4317: checking for ranlib
configure:4333: found /usr/bin/ranlib
configure:4344: result: ranlib
configure:4368: checking for gethostent
configure:4368: gcc -o conftest -g -O2 -Wall  -I/home/auresearch/shane/poodle/nmap-6.47/libpcap  -L/home/auresearch/shane/poodle/nmap-6.47/libpcap  conftest.c  >&5
configure:4368: $? = 0
configure:4368: result: yes
configure:4419: checking for setsockopt
configure:4419: gcc -o conftest -g -O2 -Wall  -I/home/auresearch/shane/poodle/nmap-6.47/libpcap  -L/home/auresearch/shane/poodle/nmap-6.47/libpcap  conftest.c  >&5
configure:4419: $? = 0
configure:4419: result: yes
configure:4471: checking for nanosleep
configure:4471: gcc -o conftest -g -O2 -Wall  -I/home/auresearch/shane/poodle/nmap-6.47/libpcap  -L/home/auresearch/shane/poodle/nmap-6.47/libpcap  conftest.c  >&5
configure:4471: $? = 0
configure:4471: result: yes
configure:4523: checking for ANSI C header files
configure:4627: result: yes
configure:4638: checking net/bpf.h usability
configure:4638: gcc -c -g -O2 -Wall  -I/home/auresearch/shane/poodle/nmap-6.47/libpcap  conftest.c >&5
conftest.c:57:21: fatal error: net/bpf.h: No such file or directory
compilation terminated.
configure:4638: $? = 1
configure: failed program was:
| /* confdefs.h */
| #define PACKAGE_NAME ""
| #define PACKAGE_TARNAME ""
| #define PACKAGE_VERSION ""
| #define PACKAGE_STRING ""
| #define PACKAGE_BUGREPORT ""
| #define PACKAGE_URL ""
| #define LINUX 1
| #define STDC_HEADERS 1
| #define HAVE_SYS_TYPES_H 1
| #define HAVE_SYS_STAT_H 1
| #define HAVE_STDLIB_H 1
| #define HAVE_STRING_H 1
| #define HAVE_MEMORY_H 1
| #define HAVE_STRINGS_H 1
| #define HAVE_INTTYPES_H 1
| #define HAVE_STDINT_H 1
| #define HAVE_UNISTD_H 1
| #define HAVE_PCAP 1
| #define HAVE_EPOLL 1
| #define HAVE_POLL 1
| #define STDC_HEADERS 1
| /* end confdefs.h.  */
| #include <stdio.h>
| #ifdef HAVE_SYS_TYPES_H
| # include <sys/types.h>
| #endif
| #ifdef HAVE_SYS_STAT_H
| # include <sys/stat.h>
| #endif
| #ifdef STDC_HEADERS
| # include <stdlib.h>
| # include <stddef.h>
| #else
| # ifdef HAVE_STDLIB_H
| #  include <stdlib.h>
| # endif
| #endif
| #ifdef HAVE_STRING_H
| # if !defined STDC_HEADERS && defined HAVE_MEMORY_H
| #  include <memory.h>
| # endif
| # include <string.h>
| #endif
| #ifdef HAVE_STRINGS_H
| # include <strings.h>
| #endif
| #ifdef HAVE_INTTYPES_H
| # include <inttypes.h>
| #endif
| #ifdef HAVE_STDINT_H
| # include <stdint.h>
| #endif
| #ifdef HAVE_UNISTD_H
| # include <unistd.h>
| #endif
| #include <net/bpf.h>
configure:4638: result: no
configure:4638: checking net/bpf.h presence
configure:4638: gcc -E -I/home/auresearch/shane/poodle/nmap-6.47/libpcap  conftest.c
conftest.c:24:21: fatal error: net/bpf.h: No such file or directory
compilation terminated.
configure:4638: $? = 1
configure: failed program was:
| /* confdefs.h */
| #define PACKAGE_NAME ""
| #define PACKAGE_TARNAME ""
| #define PACKAGE_VERSION ""
| #define PACKAGE_STRING ""
| #define PACKAGE_BUGREPORT ""
| #define PACKAGE_URL ""
| #define LINUX 1
| #define STDC_HEADERS 1
| #define HAVE_SYS_TYPES_H 1
| #define HAVE_SYS_STAT_H 1
| #define HAVE_STDLIB_H 1
| #define HAVE_STRING_H 1
| #define HAVE_MEMORY_H 1
| #define HAVE_STRINGS_H 1
| #define HAVE_INTTYPES_H 1
| #define HAVE_STDINT_H 1
| #define HAVE_UNISTD_H 1
| #define HAVE_PCAP 1
| #define HAVE_EPOLL 1
| #define HAVE_POLL 1
| #define STDC_HEADERS 1
| /* end confdefs.h.  */
| #include <net/bpf.h>
configure:4638: result: no
configure:4638: checking for net/bpf.h
configure:4638: result: no
configure:4638: checking sys/ioctl.h usability
configure:4638: gcc -c -g -O2 -Wall  -I/home/auresearch/shane/poodle/nmap-6.47/libpcap  conftest.c >&5
configure:4638: $? = 0
configure:4638: result: yes
configure:4638: checking sys/ioctl.h presence
configure:4638: gcc -E -I/home/auresearch/shane/poodle/nmap-6.47/libpcap  conftest.c
configure:4638: $? = 0
configure:4638: result: yes
configure:4638: checking for sys/ioctl.h
configure:4638: result: yes
configure:4638: checking sys/un.h usability
configure:4638: gcc -c -g -O2 -Wall  -I/home/auresearch/shane/poodle/nmap-6.47/libpcap  conftest.c >&5
configure:4638: $? = 0
configure:4638: result: yes
configure:4638: checking sys/un.h presence
configure:4638: gcc -E -I/home/auresearch/shane/poodle/nmap-6.47/libpcap  conftest.c
configure:4638: $? = 0
configure:4638: result: yes
configure:4638: checking for sys/un.h
configure:4638: result: yes
configure:4638: checking netdb.h usability
configure:4638: gcc -c -g -O2 -Wall  -I/home/auresearch/shane/poodle/nmap-6.47/libpcap  conftest.c >&5
configure:4638: $? = 0
configure:4638: result: yes
configure:4638: checking netdb.h presence
configure:4638: gcc -E -I/home/auresearch/shane/poodle/nmap-6.47/libpcap  conftest.c
configure:4638: $? = 0
configure:4638: result: yes
configure:4638: checking for netdb.h
configure:4638: result: yes
configure:4673: checking openssl/ssl.h usability
configure:4673: gcc -c -g -O2 -Wall  -I/home/auresearch/shane/poodle/nmap-6.47/libpcap  conftest.c >&5
configure:4673: $? = 0
configure:4673: result: yes
configure:4673: checking openssl/ssl.h presence
configure:4673: gcc -E -I/home/auresearch/shane/poodle/nmap-6.47/libpcap  conftest.c
configure:4673: $? = 0
configure:4673: result: yes
configure:4673: checking for openssl/ssl.h
configure:4673: result: yes
configure:4690: checking for BIO_int_ctrl in -lcrypto
configure:4715: gcc -o conftest -g -O2 -Wall  -I/home/auresearch/shane/poodle/nmap-6.47/libpcap  -L/home/auresearch/shane/poodle/nmap-6.47/libpcap  conftest.c -lcrypto   >&5
configure:4715: $? = 0
configure:4724: result: yes
configure:4741: checking for SSL_new in -lssl
configure:4766: gcc -o conftest -g -O2 -Wall  -I/home/auresearch/shane/poodle/nmap-6.47/libpcap  -L/home/auresearch/shane/poodle/nmap-6.47/libpcap  conftest.c -lssl  -lcrypto   >&5
configure:4766: $? = 0
configure:4775: result: yes
configure:4792: checking for library containing dlopen
configure:4823: gcc -o conftest -g -O2 -Wall  -I/home/auresearch/shane/poodle/nmap-6.47/libpcap  -L/home/auresearch/shane/poodle/nmap-6.47/libpcap  conftest.c  >&5
/tmp/cczeLx1U.o: In function `main':
/home/auresearch/shane/poodle/nmap-6.47/nsock/src/conftest.c:38: undefined reference to `dlopen'
collect2: error: ld returned 1 exit status
configure:4823: $? = 1
configure: failed program was:
| /* confdefs.h */
| #define PACKAGE_NAME ""
| #define PACKAGE_TARNAME ""
| #define PACKAGE_VERSION ""
| #define PACKAGE_STRING ""
| #define PACKAGE_BUGREPORT ""
| #define PACKAGE_URL ""
| #define LINUX 1
| #define STDC_HEADERS 1
| #define HAVE_SYS_TYPES_H 1
| #define HAVE_SYS_STAT_H 1
| #define HAVE_STDLIB_H 1
| #define HAVE_STRING_H 1
| #define HAVE_MEMORY_H 1
| #define HAVE_STRINGS_H 1
| #define HAVE_INTTYPES_H 1
| #define HAVE_STDINT_H 1
| #define HAVE_UNISTD_H 1
| #define HAVE_PCAP 1
| #define HAVE_EPOLL 1
| #define HAVE_POLL 1
| #define STDC_HEADERS 1
| #define HAVE_SYS_IOCTL_H 1
| #define HAVE_SYS_UN_H 1
| #define HAVE_NETDB_H 1
| /* end confdefs.h.  */
| 
| /* Override any GCC internal prototype to avoid an error.
|    Use char because int might match the return type of a GCC
|    builtin and then its argument prototype would still apply.  */
| #ifdef __cplusplus
| extern "C"
| #endif
| char dlopen ();
| int
| main ()
| {
| return dlopen ();
|   ;
|   return 0;
| }
configure:4823: gcc -o conftest -g -O2 -Wall  -I/home/auresearch/shane/poodle/nmap-6.47/libpcap  -L/home/auresearch/shane/poodle/nmap-6.47/libpcap  conftest.c -ldl   >&5
configure:4823: $? = 0
configure:4840: result: -ldl
configure:4859: checking for SSL_set_tlsext_host_name
configure:4872: gcc -o conftest -g -O2 -Wall  -I/home/auresearch/shane/poodle/nmap-6.47/libpcap  -L/home/auresearch/shane/poodle/nmap-6.47/libpcap  conftest.c -ldl  -lssl -lcrypto >&5
configure:4872: $? = 0
configure:4873: result: yes
configure:5026: creating ./config.status

## ---------------------- ##
## Running config.status. ##
## ---------------------- ##

This file was extended by config.status, which was
generated by GNU Autoconf 2.69.  Invocation command line was

  CONFIG_FILES    = 
  CONFIG_HEADERS  = 
  CONFIG_LINKS    = 
  CONFIG_COMMANDS = 
  $ ./config.status 

on crunchbang

config.status:822: creating Makefile
config.status:822: creating ../tests/Makefile
config.status:822: creating ../include/nsock_config.h

## ---------------- ##
## Cache variables. ##
## ---------------- ##

ac_cv_build=x86_64-unknown-linux-gnu
ac_cv_c_compiler_gnu=yes
ac_cv_env_CC_set=
ac_cv_env_CC_value=
ac_cv_env_CFLAGS_set=
ac_cv_env_CFLAGS_value=
ac_cv_env_CPPFLAGS_set=
ac_cv_env_CPPFLAGS_value=
ac_cv_env_CPP_set=
ac_cv_env_CPP_value=
ac_cv_env_LDFLAGS_set=
ac_cv_env_LDFLAGS_value=
ac_cv_env_LIBS_set=
ac_cv_env_LIBS_value=
ac_cv_env_build_alias_set=
ac_cv_env_build_alias_value=
ac_cv_env_host_alias_set=
ac_cv_env_host_alias_value=
ac_cv_env_target_alias_set=
ac_cv_env_target_alias_value=
ac_cv_func_gethostent=yes
ac_cv_func_kevent=no
ac_cv_func_kqueue=no
ac_cv_func_nanosleep=yes
ac_cv_func_setsockopt=yes
ac_cv_header_inttypes_h=yes
ac_cv_header_linux_version_h=yes
ac_cv_header_memory_h=yes
ac_cv_header_net_bpf_h=no
ac_cv_header_netdb_h=yes
ac_cv_header_openssl_ssl_h=yes
ac_cv_header_pcap_h=no
ac_cv_header_stdc=yes
ac_cv_header_stdint_h=yes
ac_cv_header_stdlib_h=yes
ac_cv_header_string_h=yes
ac_cv_header_strings_h=yes
ac_cv_header_sys_ioctl_h=yes
ac_cv_header_sys_stat_h=yes
ac_cv_header_sys_types_h=yes
ac_cv_header_sys_un_h=yes
ac_cv_header_unistd_h=yes
ac_cv_host=x86_64-unknown-linux-gnu
ac_cv_lib_crypto_BIO_int_ctrl=yes
ac_cv_lib_ssl_SSL_new=yes
ac_cv_objext=o
ac_cv_path_EGREP='/bin/grep -E'
ac_cv_path_GREP=/bin/grep
ac_cv_prog_CPP='gcc -E'
ac_cv_prog_ac_ct_CC=gcc
ac_cv_prog_ac_ct_RANLIB=ranlib
ac_cv_prog_cc_c89=
ac_cv_prog_cc_g=yes
ac_cv_search_dlopen=-ldl
ax_cv_have_epoll=yes
ax_cv_have_poll=yes

## ----------------- ##
## Output variables. ##
## ----------------- ##

CC='gcc'
CFLAGS='-g -O2 -Wall '
CPP='gcc -E'
CPPFLAGS='-I/home/auresearch/shane/poodle/nmap-6.47/libpcap  -I/home/auresearch/shane/poodle/nmap-6.47/nbase'
DEFS='-DHAVE_CONFIG_H'
ECHO_C=''
ECHO_N='-n'
ECHO_T=''
EGREP='/bin/grep -E'
EXEEXT=''
GREP='/bin/grep'
LDFLAGS='-L/home/auresearch/shane/poodle/nmap-6.47/libpcap  -L/home/auresearch/shane/poodle/nmap-6.47/nbase'
LIBNBASE_LIBS='-ldl  -lssl -lcrypto -lnbase'
LIBOBJS=''
LIBPCAP_LIBS='/home/auresearch/shane/poodle/nmap-6.47/libpcap/libpcap.a'
LIBS='-ldl  -lssl -lcrypto'
LTLIBOBJS=''
NBASEDIR='/home/auresearch/shane/poodle/nmap-6.47/nbase'
NSOCKTESTDIR='../tests'
OBJEXT='o'
OPENSSL_LIBS='-lssl -lcrypto'
PACKAGE_BUGREPORT=''
PACKAGE_NAME=''
PACKAGE_STRING=''
PACKAGE_TARNAME=''
PACKAGE_URL=''
PACKAGE_VERSION=''
PATH_SEPARATOR=':'
RANLIB='ranlib'
SHELL='/bin/bash'
ac_ct_CC='gcc'
bindir='${exec_prefix}/bin'
build='x86_64-unknown-linux-gnu'
build_alias=''
build_cpu='x86_64'
build_os='linux-gnu'
build_vendor='unknown'
datadir='${datarootdir}'
datarootdir='${prefix}/share'
docdir='${datarootdir}/doc/${PACKAGE}'
dvidir='${docdir}'
exec_prefix='${prefix}'
host='x86_64-unknown-linux-gnu'
host_alias=''
host_cpu='x86_64'
host_os='linux-gnu'
host_vendor='unknown'
htmldir='${docdir}'
includedir='${prefix}/include'
infodir='${datarootdir}/info'
libdir='${exec_prefix}/lib'
libexecdir='${exec_prefix}/libexec'
localedir='${datarootdir}/locale'
localstatedir='${prefix}/var'
mandir='${datarootdir}/man'
oldincludedir='/usr/include'
pdfdir='${docdir}'
prefix='/usr/local'
program_transform_name='s,x,x,'
psdir='${docdir}'
sbindir='${exec_prefix}/sbin'
sharedstatedir='${prefix}/com'
sysconfdir='${prefix}/etc'
target_alias=''

## ----------- ##
## confdefs.h. ##
## ----------- ##

/* confdefs.h */
#define PACKAGE_NAME ""
#define PACKAGE_TARNAME ""
#define PACKAGE_VERSION ""
#define PACKAGE_STRING ""
#define PACKAGE_BUGREPORT ""
#define PACKAGE_URL ""
#define LINUX 1
#define STDC_HEADERS 1
#define HAVE_SYS_TYPES_H 1
#define HAVE_SYS_STAT_H 1
#define HAVE_STDLIB_H 1
#define HAVE_STRING_H 1
#define HAVE_MEMORY_H 1
#define HAVE_STRINGS_H 1
#define HAVE_INTTYPES_H 1
#define HAVE_STDINT_H 1
#define HAVE_UNISTD_H 1
#define HAVE_PCAP 1
#define HAVE_EPOLL 1
#define HAVE_POLL 1
#define STDC_HEADERS 1
#define HAVE_SYS_IOCTL_H 1
#define HAVE_SYS_UN_H 1
#define HAVE_NETDB_H 1
#define HAVE_OPENSSL 1
#define HAVE_SSL_SET_TLSEXT_HOST_NAME 1

configure: exit 0
